<?xml version="1.0" encoding="UTF-8"?>
<!-- Generated by org.testng.reporters.JUnitXMLReporter -->
<testsuite ignored="0" hostname="DESKTOP-FMC8G94" failures="0" tests="4" name="Test" time="42.118" errors="0" timestamp="2023-01-10T12:17:25 IST">
  <testcase classname="TestCases.ParellelTest" name="Test3" time="32.339"/>
  <testcase classname="TestCases.ParellelTest" name="Test1" time="38.53"/>
  <testcase classname="TestCases.ParellelTest" name="Test4" time="39.354"/>
  <testcase classname="TestCases.ParellelTest" name="Test2" time="42.052"/>
</testsuite> <!-- Test -->
